\BOOKMARK [0][-]{chapter*.3}{\376\377\000A\000b\000s\000t\000r\000a\000c\000t}{}% 1
\BOOKMARK [0][-]{chapter*.4}{\376\377\000N\000o\000m\000e\000n\000c\000l\000a\000t\000u\000r\000e}{}% 2
\BOOKMARK [0][-]{chapter.1}{\376\377\000I\000n\000t\000r\000o\000d\000u\000c\000t\000i\000o\000n}{}% 3
\BOOKMARK [0][-]{chapter.2}{\376\377\000N\000o\000m\000i\000n\000a\000l\000\040\000D\000a\000t\000a\000-\000D\000r\000i\000v\000e\000n\000\040\000S\000a\000f\000e\000t\000y\000\040\000F\000i\000l\000t\000e\000r}{}% 4
\BOOKMARK [1][-]{section.2.1}{\376\377\000F\000o\000r\000m\000u\000l\000a\000t\000i\000o\000n\000\040\000o\000f\000\040\000N\000o\000m\000i\000n\000a\000l\000\040\000D\000a\000t\000a\000-\000D\000r\000i\000v\000e\000n\000\040\000S\000a\000f\000e\000t\000y\000\040\000F\000i\000l\000t\000e\000r}{chapter.2}% 5
\BOOKMARK [0][-]{chapter.3}{\376\377\000R\000o\000b\000u\000s\000t\000\040\000D\000a\000t\000a\000-\000D\000r\000i\000v\000e\000n\000\040\000S\000a\000f\000e\000t\000y\000\040\000F\000i\000l\000t\000e\000r}{}% 6
\BOOKMARK [0][-]{chapter.4}{\376\377\000D\000a\000t\000a\000-\000D\000r\000i\000v\000e\000n\000\040\000S\000a\000f\000e\000t\000y\000\040\000F\000i\000l\000t\000e\000r\000\040\000f\000o\000r\000\040\000N\000o\000n\000-\000l\000i\000n\000e\000a\000r\000\040\000S\000y\000s\000t\000e\000m\000s}{}% 7
\BOOKMARK [0][-]{chapter.5}{\376\377\000T\000e\000s\000t\000\040\000o\000n\000\040\000S\000i\000m\000u\000l\000a\000t\000i\000o\000n\000\040\000o\000f\000\040\000C\000h\000r\000o\000n\000o\000s\000\040\000V\000e\000h\000i\000c\000l\000e}{}% 8
\BOOKMARK [0][-]{chapter.6}{\376\377\000I\000n\000t\000r\000o\000d\000u\000c\000t\000i\000o\000n}{}% 9
\BOOKMARK [1][-]{section.6.1}{\376\377\000T\000h\000e\000\040\000P\000r\000e\000a\000m\000b\000l\000e}{chapter.6}% 10
\BOOKMARK [0][-]{chapter.7}{\376\377\000W\000o\000r\000k\000i\000n\000g\000\040\000w\000i\000t\000h\000\040\000L\000a\000T\000e\000X\000\040}{}% 11
\BOOKMARK [1][-]{section.7.1}{\376\377\000H\000e\000a\000d\000i\000n\000g\000s}{chapter.7}% 12
\BOOKMARK [1][-]{section.7.2}{\376\377\000R\000e\000f\000e\000r\000e\000n\000c\000e\000s\000\040\000a\000n\000d\000\040\000F\000o\000o\000t\000n\000o\000t\000e\000s}{chapter.7}% 13
\BOOKMARK [1][-]{section.7.3}{\376\377\000L\000i\000s\000t\000s}{chapter.7}% 14
\BOOKMARK [1][-]{section.7.4}{\376\377\000T\000a\000b\000l\000e\000s}{chapter.7}% 15
\BOOKMARK [1][-]{section.7.5}{\376\377\000W\000o\000r\000k\000i\000n\000g\000\040\000w\000i\000t\000h\000\040\000U\000n\000i\000t\000s}{chapter.7}% 16
\BOOKMARK [1][-]{section.7.6}{\376\377\000I\000n\000c\000l\000u\000d\000i\000n\000g\000\040\000G\000r\000a\000p\000h\000i\000c\000s}{chapter.7}% 17
\BOOKMARK [1][-]{section.7.7}{\376\377\000E\000q\000u\000a\000t\000i\000o\000n\000s}{chapter.7}% 18
\BOOKMARK [1][-]{section.7.8}{\376\377\000I\000n\000c\000l\000u\000d\000i\000n\000g\000\040\000C\000o\000d\000e\000\040\000i\000n\000\040\000y\000o\000u\000r\000\040\000D\000o\000c\000u\000m\000e\000n\000t}{chapter.7}% 19
\BOOKMARK [0][-]{appendix.A}{\376\377\000S\000o\000m\000e\000t\000h\000i\000n\000g}{}% 20
\BOOKMARK [0][-]{appendix.B}{\376\377\000A\000g\000a\000i\000n\000\040\000S\000o\000m\000e\000t\000h\000i\000n\000g}{}% 21
